build/outputs/logs/manifest-merger-debug-report.txt
-- Merging decision tree log ---
manifest
ADDED from src\main\AndroidManifest.xml:1:1-92:12
	package
		ADDED from src\main\AndroidManifest.xml:2:5-33
		INJECTED from src\main\AndroidManifest.xml
		INJECTED from src\main\AndroidManifest.xml
	android:versionName
		ADDED from src\main\AndroidManifest.xml:4:5-30
	android:versionCode
		ADDED from src\main\AndroidManifest.xml:3:5-28
		INJECTED from src\main\AndroidManifest.xml
		INJECTED from src\main\AndroidManifest.xml
	xmlns:android
		ADDED from src\main\AndroidManifest.xml:1:11-69
uses-sdk
ADDED from src\main\AndroidManifest.xml:6:5-8:11
	android:targetSdkVersion
		INJECTED from src\main\AndroidManifest.xml
		INJECTED from src\main\AndroidManifest.xml
	android:minSdkVersion
		ADDED from src\main\AndroidManifest.xml:7:10-35
		INJECTED from src\main\AndroidManifest.xml
		INJECTED from src\main\AndroidManifest.xml
uses-permission#android.permission.INTERNET
ADDED from src\main\AndroidManifest.xml:10:6-68
	android:name
		ADDED from src\main\AndroidManifest.xml:10:23-65
uses-permission#android.permission.WRITE_EXTERNAL_STORAGE
ADDED from src\main\AndroidManifest.xml:11:6-81
	android:name
		ADDED from src\main\AndroidManifest.xml:11:23-79
uses-permission#android.permission.READ_EXTERNAL_STORAGE
ADDED from src\main\AndroidManifest.xml:14:5-80
	android:name
		ADDED from src\main\AndroidManifest.xml:14:22-77
uses-permission#android.permission.ACCESS_NETWORK_STATE
ADDED from src\main\AndroidManifest.xml:16:5-79
	android:name
		ADDED from src\main\AndroidManifest.xml:16:22-76
uses-permission#android.permission.RECEIVE_BOOT_COMPLETED
ADDED from src\main\AndroidManifest.xml:18:6-82
	android:name
		ADDED from src\main\AndroidManifest.xml:18:23-79
uses-permission#android.permission.WAKE_LOCK
ADDED from src\main\AndroidManifest.xml:19:5-68
	android:name
		ADDED from src\main\AndroidManifest.xml:19:22-65
application
ADDED from src\main\AndroidManifest.xml:23:5-89:19
	android:label
		ADDED from src\main\AndroidManifest.xml:26:9-41
	android:allowBackup
		ADDED from src\main\AndroidManifest.xml:24:9-35
	android:icon
		ADDED from src\main\AndroidManifest.xml:25:9-45
	android:theme
		ADDED from src\main\AndroidManifest.xml:27:9-40
activity#main.Main
ADDED from src\main\AndroidManifest.xml:29:9-36:20
	android:theme
		ADDED from src\main\AndroidManifest.xml:30:13-71
	android:name
		ADDED from src\main\AndroidManifest.xml:29:19-43
intent-filter#android.intent.action.MAIN+android.intent.category.LAUNCHER
ADDED from src\main\AndroidManifest.xml:32:13-35:29
action#android.intent.action.MAIN
ADDED from src\main\AndroidManifest.xml:33:17-68
	android:name
		ADDED from src\main\AndroidManifest.xml:33:25-66
category#android.intent.category.LAUNCHER
ADDED from src\main\AndroidManifest.xml:34:17-76
	android:name
		ADDED from src\main\AndroidManifest.xml:34:27-74
activity#main.Login
ADDED from src\main\AndroidManifest.xml:37:9-39:25
	android:label
		ADDED from src\main\AndroidManifest.xml:37:45-66
	android:theme
		ADDED from src\main\AndroidManifest.xml:38:13-56
	android:name
		ADDED from src\main\AndroidManifest.xml:37:19-44
activity#main.Verifikasi
ADDED from src\main\AndroidManifest.xml:40:9-42:25
	android:label
		ADDED from src\main\AndroidManifest.xml:40:50-76
	android:theme
		ADDED from src\main\AndroidManifest.xml:41:13-56
	android:name
		ADDED from src\main\AndroidManifest.xml:40:19-49
activity#activity.MenuTabActivity
ADDED from src\main\AndroidManifest.xml:43:9-45:25
	android:theme
		ADDED from src\main\AndroidManifest.xml:44:13-56
	android:name
		ADDED from src\main\AndroidManifest.xml:43:19-58
activity#activity.FriendsActivity
ADDED from src\main\AndroidManifest.xml:46:9-71
	android:name
		ADDED from src\main\AndroidManifest.xml:46:19-58
activity#activity.ChatsActivity
ADDED from src\main\AndroidManifest.xml:47:9-69
	android:name
		ADDED from src\main\AndroidManifest.xml:47:19-56
activity#action.Chats_Action
ADDED from src\main\AndroidManifest.xml:49:9-55:25
	android:label
		ADDED from src\main\AndroidManifest.xml:50:13-33
	android:launchMode
		ADDED from src\main\AndroidManifest.xml:52:13-48
	android:noHistory
		ADDED from src\main\AndroidManifest.xml:53:13-39
	android:theme
		ADDED from src\main\AndroidManifest.xml:51:13-56
	android:name
		ADDED from src\main\AndroidManifest.xml:49:19-53
activity#org.achartengine.GraphicalActivity
ADDED from src\main\AndroidManifest.xml:60:9-61:59
	android:theme
		ADDED from src\main\AndroidManifest.xml:61:14-57
	android:name
		ADDED from src\main\AndroidManifest.xml:60:19-68
activity#action.Chats_Group_Action
ADDED from src\main\AndroidManifest.xml:62:9-65:25
	android:launchMode
		ADDED from src\main\AndroidManifest.xml:63:14-49
	android:noHistory
		ADDED from src\main\AndroidManifest.xml:64:14-40
	android:name
		ADDED from src\main\AndroidManifest.xml:62:19-59
receiver#service.AlarmReceiver
ADDED from src\main\AndroidManifest.xml:67:9-67
	android:name
		ADDED from src\main\AndroidManifest.xml:67:19-55
activity#action.Friends_Invitation
ADDED from src\main\AndroidManifest.xml:70:9-73:25
	android:label
		ADDED from src\main\AndroidManifest.xml:71:15-41
	android:theme
		ADDED from src\main\AndroidManifest.xml:72:15-58
	android:name
		ADDED from src\main\AndroidManifest.xml:70:19-59
activity#action.Profile
ADDED from src\main\AndroidManifest.xml:74:9-77:25
	android:label
		ADDED from src\main\AndroidManifest.xml:75:14-40
	android:theme
		ADDED from src\main\AndroidManifest.xml:76:14-57
	android:name
		ADDED from src\main\AndroidManifest.xml:74:19-48
service#alarm.AlarmService
ADDED from src\main\AndroidManifest.xml:79:9-80:37
	android:enabled
		ADDED from src\main\AndroidManifest.xml:80:13-35
	android:name
		ADDED from src\main\AndroidManifest.xml:79:18-51
receiver#alarm.AlarmManagerHelper
ADDED from src\main\AndroidManifest.xml:82:10-86:20
	android:name
		ADDED from src\main\AndroidManifest.xml:82:20-59
intent-filter#alarm.BOOT_COMPLETED
ADDED from src\main\AndroidManifest.xml:83:13-85:29
action#alarm.BOOT_COMPLETED
ADDED from src\main\AndroidManifest.xml:84:17-63
	android:name
		ADDED from src\main\AndroidManifest.xml:84:25-60
activity#alarm.AlarmScreen
ADDED from src\main\AndroidManifest.xml:87:10-64
	android:name
		ADDED from src\main\AndroidManifest.xml:87:20-52